{"success": false, "error": "Traceback (most recent call last):\n  File \"/home/smartcontract/SmartContract/securify2-master/securify/grammar/attributes/evaluators/evaluator_demand_iterative.py\", line 53, in evaluate\n    result = super()._execute_rule(rule, arguments)\n  File \"/home/smartcontract/SmartContract/securify2-master/securify/grammar/attributes/evaluators/evaluator_base.py\", line 42, in _execute_rule\n    return rule.func(**{name: node for name, node in arguments.items()})\n  File \"/home/smartcontract/SmartContract/securify2-master/securify/solidity/v_0_5_x/solidity_grammar_core.py\", line 1005, in cfg\n    cfg_true = true_body.cfg << block_true\nTypeError: unsupported operand type(s) for <<: 'IgnoredNode' and 'Block'\n\nThe above exception was the direct cause of the following exception:\n\nTraceback (most recent call last):\n  File \"securify/__main__.py\", line 290, in main\n    matches.extend(pattern.find_matches())\n  File \"/home/smartcontract/SmartContract/securify2-master/securify/analyses/patterns/static/static_analysis_patterns.py\", line 73, in find_matches\n    static = analysis_context.static_analysis\n  File \"/home/smartcontract/SmartContract/securify2-master/securify/analyses/analysis.py\", line 88, in static_analysis\n    self._static = self.config.static_analysis(self)\n  File \"securify/__main__.py\", line 268, in <lambda>\n    static_analysis=lambda t: static_analysis.analyze_cfg(t.cfg, **souffle_config),\n  File \"/home/smartcontract/SmartContract/securify2-master/securify/analyses/analysis.py\", line 81, in cfg\n    self._cfg = self.config.cfg_compiler(self)\n  File \"securify/__main__.py\", line 267, in <lambda>\n    cfg_compiler=lambda t: solidity_cfg_compiler.compile_cfg(t.ast).cfg,\n  File \"/home/smartcontract/SmartContract/securify2-master/securify/solidity/solidity_cfg_compiler.py\", line 88, in compile_cfg\n    cfg = ast_attr.cfg\n  File \"/home/smartcontract/SmartContract/securify2-master/securify/grammar/attributes/evaluators/evaluator_demand_base.py\", line 84, in __get__\n    return self.__evaluator.evaluate(instance, self.__name)\n  File \"/home/smartcontract/SmartContract/securify2-master/securify/grammar/attributes/evaluators/evaluator_demand_iterative.py\", line 57, in evaluate\n    f\"Rule trace: {self.__rule_trace(dependency_path)}\") from e\nsecurify.grammar.attributes.AttributeGrammarError: Error during evaluation of rule 'cfg'. \nRule trace: \n\tSynthesizeRule cfg (File \"/home/smartcontract/SmartContract/securify2-master/securify/solidity/v_0_5_x/solidity_grammar_core.py\", line 199)\n\tSynthesizeRule cfg (File \"/home/smartcontract/SmartContract/securify2-master/securify/solidity/v_0_5_x/solidity_grammar_core.py\", line 272)\n\tPushdownRule next_cfgs_unlinked (ImplicitPushdown)\n\tPushdownRule next_cfgs_unlinked (ImplicitPushdown)\n\tPushdownRule next_cfgs_unlinked (ImplicitPushdown)\n\tPushdownRule next_cfgs_unlinked (ImplicitPushdown)\n\tPushdownRule next_cfgs_unlinked (ImplicitPushdown)\n\tPushdownRule next_cfgs_unlinked (ImplicitPushdown)\n\tPushdownRule next_cfgs_unlinked (ImplicitPushdown)\n\tPushdownRule next_cfgs_unlinked (ImplicitPushdown)\n\tPushdownRule next_cfgs_unlinked (ImplicitPushdown)\n\tPushdownRule next_cfgs_unlinked (ImplicitPushdown)\n\tPushdownRule next_cfgs_unlinked (ImplicitPushdown)\n\tPushdownRule next_cfgs_unlinked (ImplicitPushdown)\n\tPushdownRule next_cfgs_unlinked (ImplicitPushdown)\n\tPushdownRule next_cfgs_unlinked (ImplicitPushdown)\n\tPushdownRule next_cfgs_unlinked (ImplicitPushdown)\n\tPushdownRule next_cfgs_unlinked (ImplicitPushdown)\n\tPushdownRule next_cfgs_unlinked (ImplicitPushdown)\n\tPushdownRule next_cfgs_unlinked (ImplicitPushdown)\n\tPushdownRule next_cfgs_unlinked (ImplicitPushdown)\n\tPushdownRule next_cfgs_unlinked (ImplicitPushdown)\n\tPushdownRule next_cfgs_unlinked (ImplicitPushdown)\n\tPushdownRule next_cfgs_unlinked (ImplicitPushdown)\n\tPushdownRule next_cfgs_unlinked (ImplicitPushdown)\n\tPushdownRule next_cfgs_unlinked (ImplicitPushdown)\n\tPushdownRule next_cfgs_unlinked (ImplicitPushdown)\n\tPushdownRule next_cfgs_unlinked (ImplicitPushdown)\n\tPushdownRule next_cfgs_unlinked (ImplicitPushdown)\n\tPushdownRule next_cfgs_unlinked (ImplicitPushdown)\n\tPushdownRule next_cfgs_unlinked (ImplicitPushdown)\n\tPushdownRule next_cfgs_unlinked (ImplicitPushdown)\n\tPushdownRule next_cfgs_unlinked (ImplicitPushdown)\n\tPushdownRule next_cfgs_unlinked (ImplicitPushdown)\n\tPushdownRule next_cfgs_unlinked (ImplicitPushdown)\n\tPushdownRule next_cfgs_unlinked (ImplicitPushdown)\n\tPushdownRule next_cfgs_unlinked (ImplicitPushdown)\n\tPushdownRule next_cfgs_unlinked (ImplicitPushdown)\n\tPushdownRule next_cfgs_unlinked (ImplicitPushdown)\n\tPushdownRule next_cfgs_unlinked (ImplicitPushdown)\n\tPushdownRule next_cfgs_unlinked (ImplicitPushdown)\n\tPushdownRule next_cfgs_unlinked (ImplicitPushdown)\n\tPushdownRule next_cfgs_unlinked (ImplicitPushdown)\n\tPushdownRule next_cfgs_unlinked (ImplicitPushdown)\n\tPushdownRule next_cfgs_unlinked (ImplicitPushdown)\n\tPushdownRule next_cfgs_unlinked (ImplicitPushdown)\n\tPushdownRule next_cfgs_unlinked (ImplicitPushdown)\n\tPushdownRule push_cfgs (File \"/home/smartcontract/SmartContract/securify2-master/securify/solidity/v_0_5_x/solidity_grammar_core.py\", line 163)\n\tSynthesizeRule contract_cfg_unlinked (File \"/home/smartcontract/SmartContract/securify2-master/securify/solidity/v_0_5_x/solidity_grammar_core.py\", line 258)\n\tSynthesizeRule cfg (File \"/home/smartcontract/SmartContract/securify2-master/securify/solidity/v_0_5_x/solidity_grammar_core.py\", line 529)\n\tSynthesizeRule cfg_modified (File \"/home/smartcontract/SmartContract/securify2-master/securify/solidity/v_0_5_x/solidity_grammar_core.py\", line 516)\n\tSynthesizeRule cfg_body (File \"/home/smartcontract/SmartContract/securify2-master/securify/solidity/v_0_5_x/solidity_grammar_core.py\", line 500)\n\tSynthesizeRule cfg (File \"/home/smartcontract/SmartContract/securify2-master/securify/solidity/v_0_5_x/solidity_grammar_core.py\", line 869)\n\tSynthesizeRule cfg (File \"/home/smartcontract/SmartContract/securify2-master/securify/solidity/v_0_5_x/solidity_grammar_core.py\", line 993)\n", "results": []}