{"success": false, "error": "Traceback (most recent call last):\n  File \"/home/smartcontract/SmartContract/securify2-master/securify/grammar/attributes/evaluators/evaluator_demand_iterative.py\", line 53, in evaluate\n    result = super()._execute_rule(rule, arguments)\n  File \"/home/smartcontract/SmartContract/securify2-master/securify/grammar/attributes/evaluators/evaluator_base.py\", line 42, in _execute_rule\n    return rule.func(**{name: node for name, node in arguments.items()})\n  File \"/home/smartcontract/SmartContract/securify2-master/securify/solidity/v_0_5_x/solidity_grammar_core.py\", line 2295, in expression_value\n    declaration = self.resolve()\n  File \"/home/smartcontract/SmartContract/securify2-master/securify/solidity/v_0_5_x/solidity_grammar_core.py\", line 2287, in resolve\n    return self.resolve_reference(self.referenced_declaration)\n  File \"/home/smartcontract/SmartContract/securify2-master/securify/solidity/v_0_5_x/solidity_grammar_core.py\", line 46, in resolve_reference\n    return self.root().ast_nodes_by_id().get(node_id, None)\n  File \"/home/smartcontract/SmartContract/securify2-master/securify/solidity/v_0_5_x/solidity_grammar_core.py\", line 161, in ast_nodes_by_id\n    return {d.id: d for d in self.descendants() if d is not None}\n  File \"/home/smartcontract/SmartContract/securify2-master/securify/solidity/v_0_5_x/solidity_grammar_core.py\", line 161, in <dictcomp>\n    return {d.id: d for d in self.descendants() if d is not None}\n  File \"/home/smartcontract/SmartContract/securify2-master/securify/grammar/__init__.py\", line 313, in descendants\n    yield from ProductionOps.descendants(child)\n  File \"/home/smartcontract/SmartContract/securify2-master/securify/grammar/__init__.py\", line 313, in descendants\n    yield from ProductionOps.descendants(child)\n  File \"/home/smartcontract/SmartContract/securify2-master/securify/grammar/__init__.py\", line 309, in descendants\n    for child in ProductionOps.children(self):\n  File \"/home/smartcontract/SmartContract/securify2-master/securify/grammar/__init__.py\", line 300, in children\n    child = getattr(self, name)\nAttributeError: 'VariableDeclaration__AllAttrsMixin' object has no attribute 'value'\n\nThe above exception was the direct cause of the following exception:\n\nTraceback (most recent call last):\n  File \"securify/__main__.py\", line 290, in main\n    matches.extend(pattern.find_matches())\n  File \"/home/smartcontract/SmartContract/securify2-master/securify/analyses/patterns/static/static_analysis_patterns.py\", line 73, in find_matches\n    static = analysis_context.static_analysis\n  File \"/home/smartcontract/SmartContract/securify2-master/securify/analyses/analysis.py\", line 88, in static_analysis\n    self._static = self.config.static_analysis(self)\n  File \"securify/__main__.py\", line 268, in <lambda>\n    static_analysis=lambda t: static_analysis.analyze_cfg(t.cfg, **souffle_config),\n  File \"/home/smartcontract/SmartContract/securify2-master/securify/analyses/analysis.py\", line 81, in cfg\n    self._cfg = self.config.cfg_compiler(self)\n  File \"securify/__main__.py\", line 267, in <lambda>\n    cfg_compiler=lambda t: solidity_cfg_compiler.compile_cfg(t.ast).cfg,\n  File \"/home/smartcontract/SmartContract/securify2-master/securify/solidity/solidity_cfg_compiler.py\", line 88, in compile_cfg\n    cfg = ast_attr.cfg\n  File \"/home/smartcontract/SmartContract/securify2-master/securify/grammar/attributes/evaluators/evaluator_demand_base.py\", line 84, in __get__\n    return self.__evaluator.evaluate(instance, self.__name)\n  File \"/home/smartcontract/SmartContract/securify2-master/securify/grammar/attributes/evaluators/evaluator_demand_iterative.py\", line 57, in evaluate\n    f\"Rule trace: {self.__rule_trace(dependency_path)}\") from e\nsecurify.grammar.attributes.AttributeGrammarError: Error during evaluation of rule 'expression_value'. \nRule trace: \n\tSynthesizeRule cfg (File \"/home/smartcontract/SmartContract/securify2-master/securify/solidity/v_0_5_x/solidity_grammar_core.py\", line 199)\n\tSynthesizeRule cfg (File \"/home/smartcontract/SmartContract/securify2-master/securify/solidity/v_0_5_x/solidity_grammar_core.py\", line 272)\n\tSynthesizeRule cfg_constructor (File \"/home/smartcontract/SmartContract/securify2-master/securify/solidity/v_0_5_x/solidity_rules_constructors.py\", line 154)\n\tSynthesizeRule cfg_state_init (File \"/home/smartcontract/SmartContract/securify2-master/securify/solidity/v_0_5_x/solidity_rules_constructors.py\", line 198)\n\tPushdownRule next_stage1_context (ImplicitPushdown)\n\tPushdownRule _ (File \"/home/smartcontract/SmartContract/securify2-master/securify/solidity/v_0_5_x/solidity_grammar_core.py\", line 184)\n\tSynthesizeRule stage1_context (File \"/home/smartcontract/SmartContract/securify2-master/securify/solidity/v_0_5_x/solidity_grammar_core.py\", line 168)\n\tSynthesizeRule contract_modifier_cfgs (File \"/home/smartcontract/SmartContract/securify2-master/securify/solidity/v_0_5_x/solidity_grammar_core.py\", line 268)\n\tSynthesizeRule modifier_cfg (File \"/home/smartcontract/SmartContract/securify2-master/securify/solidity/v_0_5_x/solidity_grammar_core.py\", line 673)\n\tSynthesizeRule cfg (File \"/home/smartcontract/SmartContract/securify2-master/securify/solidity/v_0_5_x/solidity_grammar_core.py\", line 869)\n\tSynthesizeRule cfg (File \"/home/smartcontract/SmartContract/securify2-master/securify/solidity/v_0_5_x/solidity_grammar_core.py\", line 1520)\n\tSynthesizeRule cfg (File \"/home/smartcontract/SmartContract/securify2-master/securify/solidity/v_0_5_x/solidity_grammar_core.py\", line 2013)\n\tSynthesizeRule call_info (File \"/home/smartcontract/SmartContract/securify2-master/securify/solidity/v_0_5_x/solidity_grammar_core.py\", line 1959)\n\tSynthesizeRule cfg (File \"/home/smartcontract/SmartContract/securify2-master/securify/solidity/v_0_5_x/solidity_grammar_core.py\", line 1938)\n\tSynthesizeRule expression_value (File \"/home/smartcontract/SmartContract/securify2-master/securify/solidity/v_0_5_x/solidity_grammar_core.py\", line 1931)\n\tSynthesizeRule expression_value (File \"/home/smartcontract/SmartContract/securify2-master/securify/solidity/v_0_5_x/solidity_grammar_core.py\", line 2097)\n\tSynthesizeRule base_expression_value (File \"/home/smartcontract/SmartContract/securify2-master/securify/solidity/v_0_5_x/solidity_grammar_core.py\", line 2089)\n\tSynthesizeRule expression_value (File \"/home/smartcontract/SmartContract/securify2-master/securify/solidity/v_0_5_x/solidity_grammar_core.py\", line 2293)\n", "results": []}